[2020-04-03T00:54:38.629+08:00] [INFO] [main-1] [com.theone.collector.CollectorApplication] [] [] [] [StartupInfoLogger.java,50,org.springframework.boot.StartupInfoLogger,logStarting] [Starting CollectorApplication on liuyudeMacBook-Pro.local with PID 45918 (/Users/liuyu/tools/idea-workspace/spring-cloud-alibaba-demo/projects/collector/target/classes started by liuyu in /Users/liuyu/tools/idea-workspace/spring-cloud-alibaba-demo/projects/collector)] ## ''
[2020-04-03T00:54:38.634+08:00] [INFO] [main-1] [com.theone.collector.CollectorApplication] [] [] [] [SpringApplication.java,675,org.springframework.boot.SpringApplication,logStartupProfileInfo] [No active profile set, falling back to default profiles: default] ## ''
[2020-04-03T00:54:39.314+08:00] [INFO] [main-1] [org.springframework.boot.web.embedded.tomcat.TomcatWebServer] [] [] [] [TomcatWebServer.java,90,org.springframework.boot.web.embedded.tomcat.TomcatWebServer,initialize] [Tomcat initialized with port(s): 8010 (http)] ## ''
[2020-04-03T00:54:39.331+08:00] [INFO] [main-1] [org.apache.coyote.http11.Http11NioProtocol] [] [] [] [DirectJDKLog.java,173,org.apache.juli.logging.DirectJDKLog,log] [Initializing ProtocolHandler ["http-nio-8010"]] ## ''
[2020-04-03T00:54:39.339+08:00] [INFO] [main-1] [org.apache.catalina.core.StandardService] [] [] [] [DirectJDKLog.java,173,org.apache.juli.logging.DirectJDKLog,log] [Starting service [Tomcat]] ## ''
[2020-04-03T00:54:39.340+08:00] [INFO] [main-1] [org.apache.catalina.core.StandardEngine] [] [] [] [DirectJDKLog.java,173,org.apache.juli.logging.DirectJDKLog,log] [Starting Servlet engine: [Apache Tomcat/9.0.19]] ## ''
[2020-04-03T00:54:39.426+08:00] [INFO] [main-1] [org.apache.catalina.core.ContainerBase.[Tomcat].[localhost].[/]] [] [] [] [DirectJDKLog.java,173,org.apache.juli.logging.DirectJDKLog,log] [Initializing Spring embedded WebApplicationContext] ## ''
[2020-04-03T00:54:39.426+08:00] [INFO] [main-1] [org.springframework.web.context.ContextLoader] [] [] [] [ServletWebServerApplicationContext.java,296,org.springframework.boot.web.servlet.context.ServletWebServerApplicationContext,prepareWebApplicationContext] [Root WebApplicationContext: initialization completed in 757 ms] ## ''
[2020-04-03T00:54:39.590+08:00] [INFO] [main-1] [org.springframework.scheduling.concurrent.ThreadPoolTaskExecutor] [] [] [] [ExecutorConfigurationSupport.java,171,org.springframework.scheduling.concurrent.ExecutorConfigurationSupport,initialize] [Initializing ExecutorService 'applicationTaskExecutor'] ## ''
[2020-04-03T00:54:39.705+08:00] [INFO] [main-1] [org.apache.coyote.http11.Http11NioProtocol] [] [] [] [DirectJDKLog.java,173,org.apache.juli.logging.DirectJDKLog,log] [Starting ProtocolHandler ["http-nio-8010"]] ## ''
[2020-04-03T00:54:39.736+08:00] [INFO] [main-1] [org.springframework.boot.web.embedded.tomcat.TomcatWebServer] [] [] [] [TomcatWebServer.java,204,org.springframework.boot.web.embedded.tomcat.TomcatWebServer,start] [Tomcat started on port(s): 8010 (http) with context path ''] ## ''
[2020-04-03T00:54:39.740+08:00] [INFO] [main-1] [com.theone.collector.CollectorApplication] [] [] [] [StartupInfoLogger.java,59,org.springframework.boot.StartupInfoLogger,logStarted] [Started CollectorApplication in 1.542 seconds (JVM running for 2.338)] ## ''
[2020-04-03T01:00:32.268+08:00] [INFO] [Thread-7-47] [org.springframework.scheduling.concurrent.ThreadPoolTaskExecutor] [] [] [] [ExecutorConfigurationSupport.java,208,org.springframework.scheduling.concurrent.ExecutorConfigurationSupport,shutdown] [Shutting down ExecutorService 'applicationTaskExecutor'] ## ''
[2020-04-03T10:34:01.961+08:00] [INFO] [main-1] [com.theone.collector.CollectorApplication] [] [] [] [StartupInfoLogger.java,50,org.springframework.boot.StartupInfoLogger,logStarting] [Starting CollectorApplication on liuyudeMacBook-Pro.local with PID 50967 (/Users/liuyu/tools/idea-workspace/spring-cloud-alibaba-demo/projects/collector/target/classes started by liuyu in /Users/liuyu/tools/idea-workspace/spring-cloud-alibaba-demo/projects/collector)] ## ''
[2020-04-03T10:34:02.058+08:00] [INFO] [main-1] [com.theone.collector.CollectorApplication] [] [] [] [SpringApplication.java,675,org.springframework.boot.SpringApplication,logStartupProfileInfo] [No active profile set, falling back to default profiles: default] ## ''
[2020-04-03T10:34:02.797+08:00] [INFO] [main-1] [org.springframework.boot.web.embedded.tomcat.TomcatWebServer] [] [] [] [TomcatWebServer.java,90,org.springframework.boot.web.embedded.tomcat.TomcatWebServer,initialize] [Tomcat initialized with port(s): 8010 (http)] ## ''
[2020-04-03T10:34:02.817+08:00] [INFO] [main-1] [org.apache.coyote.http11.Http11NioProtocol] [] [] [] [DirectJDKLog.java,173,org.apache.juli.logging.DirectJDKLog,log] [Initializing ProtocolHandler ["http-nio-8010"]] ## ''
[2020-04-03T10:34:02.825+08:00] [INFO] [main-1] [org.apache.catalina.core.StandardService] [] [] [] [DirectJDKLog.java,173,org.apache.juli.logging.DirectJDKLog,log] [Starting service [Tomcat]] ## ''
[2020-04-03T10:34:02.826+08:00] [INFO] [main-1] [org.apache.catalina.core.StandardEngine] [] [] [] [DirectJDKLog.java,173,org.apache.juli.logging.DirectJDKLog,log] [Starting Servlet engine: [Apache Tomcat/9.0.19]] ## ''
[2020-04-03T10:34:02.920+08:00] [INFO] [main-1] [org.apache.catalina.core.ContainerBase.[Tomcat].[localhost].[/]] [] [] [] [DirectJDKLog.java,173,org.apache.juli.logging.DirectJDKLog,log] [Initializing Spring embedded WebApplicationContext] ## ''
[2020-04-03T10:34:02.921+08:00] [INFO] [main-1] [org.springframework.web.context.ContextLoader] [] [] [] [ServletWebServerApplicationContext.java,296,org.springframework.boot.web.servlet.context.ServletWebServerApplicationContext,prepareWebApplicationContext] [Root WebApplicationContext: initialization completed in 823 ms] ## ''
[2020-04-03T10:34:03.085+08:00] [INFO] [main-1] [org.springframework.scheduling.concurrent.ThreadPoolTaskExecutor] [] [] [] [ExecutorConfigurationSupport.java,171,org.springframework.scheduling.concurrent.ExecutorConfigurationSupport,initialize] [Initializing ExecutorService 'applicationTaskExecutor'] ## ''
[2020-04-03T10:34:03.199+08:00] [INFO] [main-1] [org.apache.coyote.http11.Http11NioProtocol] [] [] [] [DirectJDKLog.java,173,org.apache.juli.logging.DirectJDKLog,log] [Starting ProtocolHandler ["http-nio-8010"]] ## ''
[2020-04-03T10:34:03.230+08:00] [INFO] [main-1] [org.springframework.boot.web.embedded.tomcat.TomcatWebServer] [] [] [] [TomcatWebServer.java,204,org.springframework.boot.web.embedded.tomcat.TomcatWebServer,start] [Tomcat started on port(s): 8010 (http) with context path ''] ## ''
[2020-04-03T10:34:03.234+08:00] [INFO] [main-1] [com.theone.collector.CollectorApplication] [] [] [] [StartupInfoLogger.java,59,org.springframework.boot.StartupInfoLogger,logStarted] [Started CollectorApplication in 1.639 seconds (JVM running for 2.332)] ## ''
[2020-04-03T10:34:30.223+08:00] [INFO] [Thread-7-45] [org.springframework.scheduling.concurrent.ThreadPoolTaskExecutor] [] [] [] [ExecutorConfigurationSupport.java,208,org.springframework.scheduling.concurrent.ExecutorConfigurationSupport,shutdown] [Shutting down ExecutorService 'applicationTaskExecutor'] ## ''
[2020-04-03T10:34:33.271+08:00] [INFO] [main-1] [com.theone.collector.CollectorApplication] [] [] [] [StartupInfoLogger.java,50,org.springframework.boot.StartupInfoLogger,logStarting] [Starting CollectorApplication on liuyudeMacBook-Pro.local with PID 50992 (/Users/liuyu/tools/idea-workspace/spring-cloud-alibaba-demo/projects/collector/target/classes started by liuyu in /Users/liuyu/tools/idea-workspace/spring-cloud-alibaba-demo/projects/collector)] ## ''
[2020-04-03T10:34:33.275+08:00] [INFO] [main-1] [com.theone.collector.CollectorApplication] [] [] [] [SpringApplication.java,675,org.springframework.boot.SpringApplication,logStartupProfileInfo] [No active profile set, falling back to default profiles: default] ## ''
[2020-04-03T10:34:33.957+08:00] [INFO] [main-1] [org.springframework.boot.web.embedded.tomcat.TomcatWebServer] [] [] [] [TomcatWebServer.java,90,org.springframework.boot.web.embedded.tomcat.TomcatWebServer,initialize] [Tomcat initialized with port(s): 8010 (http)] ## ''
[2020-04-03T10:34:33.968+08:00] [INFO] [main-1] [org.apache.coyote.http11.Http11NioProtocol] [] [] [] [DirectJDKLog.java,173,org.apache.juli.logging.DirectJDKLog,log] [Initializing ProtocolHandler ["http-nio-8010"]] ## ''
[2020-04-03T10:34:33.975+08:00] [INFO] [main-1] [org.apache.catalina.core.StandardService] [] [] [] [DirectJDKLog.java,173,org.apache.juli.logging.DirectJDKLog,log] [Starting service [Tomcat]] ## ''
[2020-04-03T10:34:33.976+08:00] [INFO] [main-1] [org.apache.catalina.core.StandardEngine] [] [] [] [DirectJDKLog.java,173,org.apache.juli.logging.DirectJDKLog,log] [Starting Servlet engine: [Apache Tomcat/9.0.19]] ## ''
[2020-04-03T10:34:34.055+08:00] [INFO] [main-1] [org.apache.catalina.core.ContainerBase.[Tomcat].[localhost].[/]] [] [] [] [DirectJDKLog.java,173,org.apache.juli.logging.DirectJDKLog,log] [Initializing Spring embedded WebApplicationContext] ## ''
[2020-04-03T10:34:34.055+08:00] [INFO] [main-1] [org.springframework.web.context.ContextLoader] [] [] [] [ServletWebServerApplicationContext.java,296,org.springframework.boot.web.servlet.context.ServletWebServerApplicationContext,prepareWebApplicationContext] [Root WebApplicationContext: initialization completed in 750 ms] ## ''
[2020-04-03T10:34:34.199+08:00] [INFO] [main-1] [org.springframework.scheduling.concurrent.ThreadPoolTaskExecutor] [] [] [] [ExecutorConfigurationSupport.java,171,org.springframework.scheduling.concurrent.ExecutorConfigurationSupport,initialize] [Initializing ExecutorService 'applicationTaskExecutor'] ## ''
[2020-04-03T10:34:34.313+08:00] [INFO] [main-1] [org.apache.coyote.http11.Http11NioProtocol] [] [] [] [DirectJDKLog.java,173,org.apache.juli.logging.DirectJDKLog,log] [Starting ProtocolHandler ["http-nio-8010"]] ## ''
[2020-04-03T10:34:34.343+08:00] [INFO] [main-1] [org.springframework.boot.web.embedded.tomcat.TomcatWebServer] [] [] [] [TomcatWebServer.java,204,org.springframework.boot.web.embedded.tomcat.TomcatWebServer,start] [Tomcat started on port(s): 8010 (http) with context path ''] ## ''
[2020-04-03T10:34:34.346+08:00] [INFO] [main-1] [com.theone.collector.CollectorApplication] [] [] [] [StartupInfoLogger.java,59,org.springframework.boot.StartupInfoLogger,logStarted] [Started CollectorApplication in 1.409 seconds (JVM running for 2.03)] ## ''
[2020-04-03T10:34:34.351+08:00] [WARN] [main-1] [com.theone.collector.CollectorApplication] [192.168.31.8] [liuyudeMacBook-Pro.local/192.168.31.8] [collector] [CollectorApplication.java,15,com.theone.collector.CollectorApplication,main] [一条警告] ## ''
[2020-04-03T10:34:56.041+08:00] [INFO] [Thread-6-44] [org.springframework.scheduling.concurrent.ThreadPoolTaskExecutor] [] [] [] [ExecutorConfigurationSupport.java,208,org.springframework.scheduling.concurrent.ExecutorConfigurationSupport,shutdown] [Shutting down ExecutorService 'applicationTaskExecutor'] ## ''
[2020-04-03T10:34:34.351+08:00] [WARN] [main-1] [com.theone.collector.CollectorApplication] [192.168.31.8] [liuyudeMacBook-Pro.local/192.168.31.8] [collector] [CollectorApplication.java,15,com.theone.collector.CollectorApplication,main] [一条警告] ## ''
[2020-04-05T10:34:34.351+08:00] [WARN] [main-1] [com.theone.collector.CollectorApplication] [192.168.31.8] [liuyudeMacBook-Pro.local/192.168.31.8] [collector] [CollectorApplication.java,15,com.theone.collector.CollectorApplication,main] [一条警sdf告] ## ''
[2020-04-05T19:29:23.662+08:00] [INFO] [main-1] [com.theone.collector.CollectorApplication] [] [] [] [StartupInfoLogger.java,50,org.springframework.boot.StartupInfoLogger,logStarting] [Starting CollectorApplication on liuyudeMacBook-Pro.local with PID 27421 (/Users/liuyu/tools/idea-workspace/spring-cloud-alibaba-demo/projects/collector/target/classes started by liuyu in /Users/liuyu/tools/idea-workspace/spring-cloud-alibaba-demo/projects/collector)] ## ''
[2020-04-05T19:29:23.671+08:00] [INFO] [main-1] [com.theone.collector.CollectorApplication] [] [] [] [SpringApplication.java,675,org.springframework.boot.SpringApplication,logStartupProfileInfo] [No active profile set, falling back to default profiles: default] ## ''
[2020-04-05T19:29:24.526+08:00] [INFO] [main-1] [org.springframework.boot.web.embedded.tomcat.TomcatWebServer] [] [] [] [TomcatWebServer.java,90,org.springframework.boot.web.embedded.tomcat.TomcatWebServer,initialize] [Tomcat initialized with port(s): 8010 (http)] ## ''
[2020-04-05T19:29:24.540+08:00] [INFO] [main-1] [org.apache.coyote.http11.Http11NioProtocol] [] [] [] [DirectJDKLog.java,173,org.apache.juli.logging.DirectJDKLog,log] [Initializing ProtocolHandler ["http-nio-8010"]] ## ''
[2020-04-05T19:29:24.548+08:00] [INFO] [main-1] [org.apache.catalina.core.StandardService] [] [] [] [DirectJDKLog.java,173,org.apache.juli.logging.DirectJDKLog,log] [Starting service [Tomcat]] ## ''
[2020-04-05T19:29:24.548+08:00] [INFO] [main-1] [org.apache.catalina.core.StandardEngine] [] [] [] [DirectJDKLog.java,173,org.apache.juli.logging.DirectJDKLog,log] [Starting Servlet engine: [Apache Tomcat/9.0.19]] ## ''
[2020-04-05T19:29:24.630+08:00] [INFO] [main-1] [org.apache.catalina.core.ContainerBase.[Tomcat].[localhost].[/]] [] [] [] [DirectJDKLog.java,173,org.apache.juli.logging.DirectJDKLog,log] [Initializing Spring embedded WebApplicationContext] ## ''
[2020-04-05T19:29:24.631+08:00] [INFO] [main-1] [org.springframework.web.context.ContextLoader] [] [] [] [ServletWebServerApplicationContext.java,296,org.springframework.boot.web.servlet.context.ServletWebServerApplicationContext,prepareWebApplicationContext] [Root WebApplicationContext: initialization completed in 917 ms] ## ''
[2020-04-05T19:29:24.847+08:00] [INFO] [main-1] [org.springframework.scheduling.concurrent.ThreadPoolTaskExecutor] [] [] [] [ExecutorConfigurationSupport.java,171,org.springframework.scheduling.concurrent.ExecutorConfigurationSupport,initialize] [Initializing ExecutorService 'applicationTaskExecutor'] ## ''
[2020-04-05T19:29:25.012+08:00] [INFO] [main-1] [org.apache.coyote.http11.Http11NioProtocol] [] [] [] [DirectJDKLog.java,173,org.apache.juli.logging.DirectJDKLog,log] [Starting ProtocolHandler ["http-nio-8010"]] ## ''
[2020-04-05T19:29:25.046+08:00] [INFO] [main-1] [org.springframework.boot.web.embedded.tomcat.TomcatWebServer] [] [] [] [TomcatWebServer.java,204,org.springframework.boot.web.embedded.tomcat.TomcatWebServer,start] [Tomcat started on port(s): 8010 (http) with context path ''] ## ''
[2020-04-05T19:29:25.050+08:00] [INFO] [main-1] [com.theone.collector.CollectorApplication] [] [] [] [StartupInfoLogger.java,59,org.springframework.boot.StartupInfoLogger,logStarted] [Started CollectorApplication in 1.937 seconds (JVM running for 3.61)] ## ''
[2020-04-05T19:29:25.055+08:00] [WARN] [main-1] [com.theone.collector.CollectorApplication] [192.168.31.8] [liuyudeMacBook-Pro.local/192.168.31.8] [collector] [CollectorApplication.java,15,com.theone.collector.CollectorApplication,main] [一条警告] ## ''
[2020-04-05T19:29:52.713+08:00] [INFO] [Thread-9-49] [org.springframework.scheduling.concurrent.ThreadPoolTaskExecutor] [] [] [] [ExecutorConfigurationSupport.java,208,org.springframework.scheduling.concurrent.ExecutorConfigurationSupport,shutdown] [Shutting down ExecutorService 'applicationTaskExecutor'] ## ''
[2020-04-05T19:29:57.077+08:00] [INFO] [main-1] [com.theone.collector.CollectorApplication] [] [] [] [StartupInfoLogger.java,50,org.springframework.boot.StartupInfoLogger,logStarting] [Starting CollectorApplication on liuyudeMacBook-Pro.local with PID 27450 (/Users/liuyu/tools/idea-workspace/spring-cloud-alibaba-demo/projects/collector/target/classes started by liuyu in /Users/liuyu/tools/idea-workspace/spring-cloud-alibaba-demo/projects/collector)] ## ''
[2020-04-05T19:29:57.082+08:00] [INFO] [main-1] [com.theone.collector.CollectorApplication] [] [] [] [SpringApplication.java,675,org.springframework.boot.SpringApplication,logStartupProfileInfo] [No active profile set, falling back to default profiles: default] ## ''
[2020-04-05T19:29:57.792+08:00] [INFO] [main-1] [org.springframework.boot.web.embedded.tomcat.TomcatWebServer] [] [] [] [TomcatWebServer.java,90,org.springframework.boot.web.embedded.tomcat.TomcatWebServer,initialize] [Tomcat initialized with port(s): 8010 (http)] ## ''
[2020-04-05T19:29:57.805+08:00] [INFO] [main-1] [org.apache.coyote.http11.Http11NioProtocol] [] [] [] [DirectJDKLog.java,173,org.apache.juli.logging.DirectJDKLog,log] [Initializing ProtocolHandler ["http-nio-8010"]] ## ''
[2020-04-05T19:29:57.814+08:00] [INFO] [main-1] [org.apache.catalina.core.StandardService] [] [] [] [DirectJDKLog.java,173,org.apache.juli.logging.DirectJDKLog,log] [Starting service [Tomcat]] ## ''
[2020-04-05T19:29:57.814+08:00] [INFO] [main-1] [org.apache.catalina.core.StandardEngine] [] [] [] [DirectJDKLog.java,173,org.apache.juli.logging.DirectJDKLog,log] [Starting Servlet engine: [Apache Tomcat/9.0.19]] ## ''
[2020-04-05T19:29:57.897+08:00] [INFO] [main-1] [org.apache.catalina.core.ContainerBase.[Tomcat].[localhost].[/]] [] [] [] [DirectJDKLog.java,173,org.apache.juli.logging.DirectJDKLog,log] [Initializing Spring embedded WebApplicationContext] ## ''
[2020-04-05T19:29:57.898+08:00] [INFO] [main-1] [org.springframework.web.context.ContextLoader] [] [] [] [ServletWebServerApplicationContext.java,296,org.springframework.boot.web.servlet.context.ServletWebServerApplicationContext,prepareWebApplicationContext] [Root WebApplicationContext: initialization completed in 780 ms] ## ''
[2020-04-05T19:29:57.939+08:00] [WARN] [main-1] [org.springframework.boot.web.servlet.context.AnnotationConfigServletWebServerApplicationContext] [192.168.31.8] [liuyudeMacBook-Pro.local/192.168.31.8] [] [AbstractApplicationContext.java,557,org.springframework.context.support.AbstractApplicationContext,refresh] [Exception encountered during context initialization - cancelling refresh attempt: org.springframework.beans.factory.BeanCreationException: Error creating bean with name 'demoController' defined in file [/Users/liuyu/tools/idea-workspace/spring-cloud-alibaba-demo/projects/collector/target/classes/com/theone/collector/controller/DemoController.class]: Instantiation of bean failed; nested exception is java.lang.ExceptionInInitializerError] ## ''
[2020-04-05T19:29:57.942+08:00] [INFO] [main-1] [org.apache.catalina.core.StandardService] [192.168.31.8] [liuyudeMacBook-Pro.local/192.168.31.8] [] [DirectJDKLog.java,173,org.apache.juli.logging.DirectJDKLog,log] [Stopping service [Tomcat]] ## ''
[2020-04-05T19:29:57.952+08:00] [INFO] [main-1] [org.springframework.boot.autoconfigure.logging.ConditionEvaluationReportLoggingListener] [192.168.31.8] [liuyudeMacBook-Pro.local/192.168.31.8] [] [ConditionEvaluationReportLoggingListener.java,142,org.springframework.boot.autoconfigure.logging.ConditionEvaluationReportLoggingListener,logMessage] [

Error starting ApplicationContext. To display the conditions report re-run your application with 'debug' enabled.] ## ''
[2020-04-05T19:29:57.959+08:00] [ERROR] [main-1] [org.springframework.boot.SpringApplication] [192.168.31.8] [liuyudeMacBook-Pro.local/192.168.31.8] [] [SpringApplication.java,858,org.springframework.boot.SpringApplication,reportFailure] [Application run failed] ## ' org.springframework.beans.factory.BeanCreationException: Error creating bean with name 'demoController' defined in file [/Users/liuyu/tools/idea-workspace/spring-cloud-alibaba-demo/projects/collector/target/classes/com/theone/collector/controller/DemoController.class]: Instantiation of bean failed; nested exception is java.lang.ExceptionInInitializerError
	at org.springframework.beans.factory.support.AbstractAutowireCapableBeanFactory.instantiateBean(AbstractAutowireCapableBeanFactory.java:1303)
	at org.springframework.beans.factory.support.AbstractAutowireCapableBeanFactory.createBeanInstance(AbstractAutowireCapableBeanFactory.java:1197)
	at org.springframework.beans.factory.support.AbstractAutowireCapableBeanFactory.doCreateBean(AbstractAutowireCapableBeanFactory.java:555)
	at org.springframework.beans.factory.support.AbstractAutowireCapableBeanFactory.createBean(AbstractAutowireCapableBeanFactory.java:515)
	at org.springframework.beans.factory.support.AbstractBeanFactory.lambda$doGetBean$0(AbstractBeanFactory.java:320)
	at org.springframework.beans.factory.support.AbstractBeanFactory$$Lambda$127/712732521.getObject(Unknown Source)
	at org.springframework.beans.factory.support.DefaultSingletonBeanRegistry.getSingleton(DefaultSingletonBeanRegistry.java:222)
	at org.springframework.beans.factory.support.AbstractBeanFactory.doGetBean(AbstractBeanFactory.java:318)
	at org.springframework.beans.factory.support.AbstractBeanFactory.getBean(AbstractBeanFactory.java:199)
	at org.springframework.beans.factory.support.DefaultListableBeanFactory.preInstantiateSingletons(DefaultListableBeanFactory.java:843)
	at org.springframework.context.support.AbstractApplicationContext.finishBeanFactoryInitialization(AbstractApplicationContext.java:877)
	at org.springframework.context.support.AbstractApplicationContext.refresh(AbstractApplicationContext.java:549)
	at org.springframework.boot.web.servlet.context.ServletWebServerApplicationContext.refresh(ServletWebServerApplicationContext.java:142)
	at org.springframework.boot.SpringApplication.refresh(SpringApplication.java:775)
	at org.springframework.boot.SpringApplication.refreshContext(SpringApplication.java:397)
	at org.springframework.boot.SpringApplication.run(SpringApplication.java:316)
	at org.springframework.boot.SpringApplication.run(SpringApplication.java:1260)
	at org.springframework.boot.SpringApplication.run(SpringApplication.java:1248)
	at com.theone.collector.CollectorApplication.main(CollectorApplication.java:12)
Caused by: java.lang.ExceptionInInitializerError
	at sun.reflect.NativeConstructorAccessorImpl.newInstance0(Native Method)
	at sun.reflect.NativeConstructorAccessorImpl.newInstance(NativeConstructorAccessorImpl.java:62)
	at sun.reflect.DelegatingConstructorAccessorImpl.newInstance(DelegatingConstructorAccessorImpl.java:45)
	at java.lang.reflect.Constructor.newInstance(Constructor.java:422)
	at org.springframework.beans.BeanUtils.instantiateClass(BeanUtils.java:172)
	at org.springframework.beans.factory.support.SimpleInstantiationStrategy.instantiate(SimpleInstantiationStrategy.java:87)
	at org.springframework.beans.factory.support.AbstractAutowireCapableBeanFactory.instantiateBean(AbstractAutowireCapableBeanFactory.java:1295)
	... 18 more
Caused by: java.lang.NullPointerException
	at com.theone.collector.util.InputMDC.putMDC(InputMDC.java:26)
	at com.theone.collector.controller.DemoController.<clinit>(DemoController.java:13)
	... 25 more
'
[2020-04-05T19:30:21.534+08:00] [INFO] [main-1] [com.theone.collector.CollectorApplication] [] [] [] [StartupInfoLogger.java,50,org.springframework.boot.StartupInfoLogger,logStarting] [Starting CollectorApplication on liuyudeMacBook-Pro.local with PID 27472 (/Users/liuyu/tools/idea-workspace/spring-cloud-alibaba-demo/projects/collector/target/classes started by liuyu in /Users/liuyu/tools/idea-workspace/spring-cloud-alibaba-demo/projects/collector)] ## ''
[2020-04-05T19:30:21.540+08:00] [INFO] [main-1] [com.theone.collector.CollectorApplication] [] [] [] [SpringApplication.java,675,org.springframework.boot.SpringApplication,logStartupProfileInfo] [No active profile set, falling back to default profiles: default] ## ''
[2020-04-05T19:30:22.247+08:00] [INFO] [main-1] [org.springframework.boot.web.embedded.tomcat.TomcatWebServer] [] [] [] [TomcatWebServer.java,90,org.springframework.boot.web.embedded.tomcat.TomcatWebServer,initialize] [Tomcat initialized with port(s): 8010 (http)] ## ''
[2020-04-05T19:30:22.259+08:00] [INFO] [main-1] [org.apache.coyote.http11.Http11NioProtocol] [] [] [] [DirectJDKLog.java,173,org.apache.juli.logging.DirectJDKLog,log] [Initializing ProtocolHandler ["http-nio-8010"]] ## ''
[2020-04-05T19:30:22.267+08:00] [INFO] [main-1] [org.apache.catalina.core.StandardService] [] [] [] [DirectJDKLog.java,173,org.apache.juli.logging.DirectJDKLog,log] [Starting service [Tomcat]] ## ''
[2020-04-05T19:30:22.268+08:00] [INFO] [main-1] [org.apache.catalina.core.StandardEngine] [] [] [] [DirectJDKLog.java,173,org.apache.juli.logging.DirectJDKLog,log] [Starting Servlet engine: [Apache Tomcat/9.0.19]] ## ''
[2020-04-05T19:30:22.349+08:00] [INFO] [main-1] [org.apache.catalina.core.ContainerBase.[Tomcat].[localhost].[/]] [] [] [] [DirectJDKLog.java,173,org.apache.juli.logging.DirectJDKLog,log] [Initializing Spring embedded WebApplicationContext] ## ''
[2020-04-05T19:30:22.350+08:00] [INFO] [main-1] [org.springframework.web.context.ContextLoader] [] [] [] [ServletWebServerApplicationContext.java,296,org.springframework.boot.web.servlet.context.ServletWebServerApplicationContext,prepareWebApplicationContext] [Root WebApplicationContext: initialization completed in 770 ms] ## ''
[2020-04-05T19:30:22.522+08:00] [INFO] [main-1] [org.springframework.scheduling.concurrent.ThreadPoolTaskExecutor] [] [] [] [ExecutorConfigurationSupport.java,171,org.springframework.scheduling.concurrent.ExecutorConfigurationSupport,initialize] [Initializing ExecutorService 'applicationTaskExecutor'] ## ''
[2020-04-05T19:30:22.647+08:00] [INFO] [main-1] [org.apache.coyote.http11.Http11NioProtocol] [] [] [] [DirectJDKLog.java,173,org.apache.juli.logging.DirectJDKLog,log] [Starting ProtocolHandler ["http-nio-8010"]] ## ''
[2020-04-05T19:30:22.679+08:00] [INFO] [main-1] [org.springframework.boot.web.embedded.tomcat.TomcatWebServer] [] [] [] [TomcatWebServer.java,204,org.springframework.boot.web.embedded.tomcat.TomcatWebServer,start] [Tomcat started on port(s): 8010 (http) with context path ''] ## ''
[2020-04-05T19:30:22.683+08:00] [INFO] [main-1] [com.theone.collector.CollectorApplication] [] [] [] [StartupInfoLogger.java,59,org.springframework.boot.StartupInfoLogger,logStarted] [Started CollectorApplication in 1.579 seconds (JVM running for 2.384)] ## ''
[2020-04-05T19:30:41.218+08:00] [INFO] [http-nio-8010-exec-1-34] [org.apache.catalina.core.ContainerBase.[Tomcat].[localhost].[/]] [] [] [] [DirectJDKLog.java,173,org.apache.juli.logging.DirectJDKLog,log] [Initializing Spring DispatcherServlet 'dispatcherServlet'] ## ''
[2020-04-05T19:30:41.219+08:00] [INFO] [http-nio-8010-exec-1-34] [org.springframework.web.servlet.DispatcherServlet] [] [] [] [FrameworkServlet.java,524,org.springframework.web.servlet.FrameworkServlet,initServletBean] [Initializing Servlet 'dispatcherServlet'] ## ''
[2020-04-05T19:30:41.225+08:00] [INFO] [http-nio-8010-exec-1-34] [org.springframework.web.servlet.DispatcherServlet] [] [] [] [FrameworkServlet.java,546,org.springframework.web.servlet.FrameworkServlet,initServletBean] [Completed initialization in 6 ms] ## ''
[2020-04-05T19:30:45.356+08:00] [WARN] [http-nio-8010-exec-3-36] [org.springframework.web.servlet.mvc.support.DefaultHandlerExceptionResolver] [] [] [] [AbstractHandlerExceptionResolver.java,198,org.springframework.web.servlet.handler.AbstractHandlerExceptionResolver,logException] [Resolved [org.springframework.web.HttpRequestMethodNotSupportedException: Request method 'GET' not supported]] ## ''
[2020-04-05T19:31:12.886+08:00] [INFO] [Thread-7-47] [org.springframework.scheduling.concurrent.ThreadPoolTaskExecutor] [] [] [] [ExecutorConfigurationSupport.java,208,org.springframework.scheduling.concurrent.ExecutorConfigurationSupport,shutdown] [Shutting down ExecutorService 'applicationTaskExecutor'] ## ''
[2020-04-05T19:31:16.756+08:00] [INFO] [main-1] [com.theone.collector.CollectorApplication] [] [] [] [StartupInfoLogger.java,50,org.springframework.boot.StartupInfoLogger,logStarting] [Starting CollectorApplication on liuyudeMacBook-Pro.local with PID 27506 (/Users/liuyu/tools/idea-workspace/spring-cloud-alibaba-demo/projects/collector/target/classes started by liuyu in /Users/liuyu/tools/idea-workspace/spring-cloud-alibaba-demo/projects/collector)] ## ''
[2020-04-05T19:31:16.762+08:00] [INFO] [main-1] [com.theone.collector.CollectorApplication] [] [] [] [SpringApplication.java,675,org.springframework.boot.SpringApplication,logStartupProfileInfo] [No active profile set, falling back to default profiles: default] ## ''
[2020-04-05T19:31:17.567+08:00] [INFO] [main-1] [org.springframework.boot.web.embedded.tomcat.TomcatWebServer] [] [] [] [TomcatWebServer.java,90,org.springframework.boot.web.embedded.tomcat.TomcatWebServer,initialize] [Tomcat initialized with port(s): 8010 (http)] ## ''
[2020-04-05T19:31:17.579+08:00] [INFO] [main-1] [org.apache.coyote.http11.Http11NioProtocol] [] [] [] [DirectJDKLog.java,173,org.apache.juli.logging.DirectJDKLog,log] [Initializing ProtocolHandler ["http-nio-8010"]] ## ''
[2020-04-05T19:31:17.589+08:00] [INFO] [main-1] [org.apache.catalina.core.StandardService] [] [] [] [DirectJDKLog.java,173,org.apache.juli.logging.DirectJDKLog,log] [Starting service [Tomcat]] ## ''
[2020-04-05T19:31:17.590+08:00] [INFO] [main-1] [org.apache.catalina.core.StandardEngine] [] [] [] [DirectJDKLog.java,173,org.apache.juli.logging.DirectJDKLog,log] [Starting Servlet engine: [Apache Tomcat/9.0.19]] ## ''
[2020-04-05T19:31:17.679+08:00] [INFO] [main-1] [org.apache.catalina.core.ContainerBase.[Tomcat].[localhost].[/]] [] [] [] [DirectJDKLog.java,173,org.apache.juli.logging.DirectJDKLog,log] [Initializing Spring embedded WebApplicationContext] ## ''
[2020-04-05T19:31:17.679+08:00] [INFO] [main-1] [org.springframework.web.context.ContextLoader] [] [] [] [ServletWebServerApplicationContext.java,296,org.springframework.boot.web.servlet.context.ServletWebServerApplicationContext,prepareWebApplicationContext] [Root WebApplicationContext: initialization completed in 875 ms] ## ''
[2020-04-05T19:31:17.849+08:00] [INFO] [main-1] [org.springframework.scheduling.concurrent.ThreadPoolTaskExecutor] [] [] [] [ExecutorConfigurationSupport.java,171,org.springframework.scheduling.concurrent.ExecutorConfigurationSupport,initialize] [Initializing ExecutorService 'applicationTaskExecutor'] ## ''
[2020-04-05T19:31:17.971+08:00] [INFO] [main-1] [org.apache.coyote.http11.Http11NioProtocol] [] [] [] [DirectJDKLog.java,173,org.apache.juli.logging.DirectJDKLog,log] [Starting ProtocolHandler ["http-nio-8010"]] ## ''
[2020-04-05T19:31:18.008+08:00] [INFO] [main-1] [org.springframework.boot.web.embedded.tomcat.TomcatWebServer] [] [] [] [TomcatWebServer.java,204,org.springframework.boot.web.embedded.tomcat.TomcatWebServer,start] [Tomcat started on port(s): 8010 (http) with context path ''] ## ''
[2020-04-05T19:31:18.011+08:00] [INFO] [main-1] [com.theone.collector.CollectorApplication] [] [] [] [StartupInfoLogger.java,59,org.springframework.boot.StartupInfoLogger,logStarted] [Started CollectorApplication in 1.705 seconds (JVM running for 2.548)] ## ''
[2020-04-05T19:31:25.780+08:00] [INFO] [http-nio-8010-exec-1-35] [org.apache.catalina.core.ContainerBase.[Tomcat].[localhost].[/]] [] [] [] [DirectJDKLog.java,173,org.apache.juli.logging.DirectJDKLog,log] [Initializing Spring DispatcherServlet 'dispatcherServlet'] ## ''
[2020-04-05T19:31:25.781+08:00] [INFO] [http-nio-8010-exec-1-35] [org.springframework.web.servlet.DispatcherServlet] [] [] [] [FrameworkServlet.java,524,org.springframework.web.servlet.FrameworkServlet,initServletBean] [Initializing Servlet 'dispatcherServlet'] ## ''
[2020-04-05T19:31:25.786+08:00] [INFO] [http-nio-8010-exec-1-35] [org.springframework.web.servlet.DispatcherServlet] [] [] [] [FrameworkServlet.java,546,org.springframework.web.servlet.FrameworkServlet,initServletBean] [Completed initialization in 5 ms] ## ''
[2020-04-05T19:31:25.810+08:00] [INFO] [http-nio-8010-exec-1-35] [com.theone.collector.controller.DemoController] [192.168.31.8] [liuyudeMacBook-Pro.local/192.168.31.8] [collector] [DemoController.java,16,com.theone.collector.controller.DemoController,info] [info 日志 1586086285806] ## ''
[2020-04-05T19:35:54.355+08:00] [INFO] [Thread-7-48] [org.springframework.scheduling.concurrent.ThreadPoolTaskExecutor] [] [] [] [ExecutorConfigurationSupport.java,208,org.springframework.scheduling.concurrent.ExecutorConfigurationSupport,shutdown] [Shutting down ExecutorService 'applicationTaskExecutor'] ## ''
